{"C:\\Users\\Lenovo\\Documents\\PENGUJIAN PERANGKAT LUNAK\\src\\app.js": {"path":"C:\\Users\\Lenovo\\Documents\\PENGUJIAN PERANGKAT LUNAK\\src\\app.js","statementMap":{"0":{"start":{"line":1,"column":16},"end":{"line":1,"column":34}},"1":{"start":{"line":2,"column":12},"end":{"line":2,"column":21}},"2":{"start":{"line":4,"column":24},"end":{"line":4,"column":59}},"3":{"start":{"line":6,"column":0},"end":{"line":6,"column":24}},"4":{"start":{"line":7,"column":0},"end":{"line":7,"column":25}},"5":{"start":{"line":9,"column":0},"end":{"line":9,"column":21}},"6":{"start":{"line":10,"column":0},"end":{"line":12,"column":3}},"7":{"start":{"line":11,"column":2},"end":{"line":11,"column":34}}},"fnMap":{"0":{"name":"(anonymous_0)","decl":{"start":{"line":10,"column":13},"end":{"line":10,"column":14}},"loc":{"start":{"line":10,"column":27},"end":{"line":12,"column":1}},"line":10}},"branchMap":{},"s":{"0":1,"1":1,"2":1,"3":1,"4":1,"5":1,"6":1,"7":0},"f":{"0":0},"b":{},"_coverageSchema":"1a1c01bbd47fc00a2c39e90264f33305004495a9","hash":"bf43fd9b465e3919edef8b64e7d3a406d3049737"}
,"C:\\Users\\Lenovo\\Documents\\PENGUJIAN PERANGKAT LUNAK\\src\\routes\\inventoryRoutes.js": {"path":"C:\\Users\\Lenovo\\Documents\\PENGUJIAN PERANGKAT LUNAK\\src\\routes\\inventoryRoutes.js","statementMap":{"0":{"start":{"line":1,"column":16},"end":{"line":1,"column":34}},"1":{"start":{"line":2,"column":15},"end":{"line":2,"column":31}},"2":{"start":{"line":9,"column":4},"end":{"line":9,"column":43}},"3":{"start":{"line":11,"column":25},"end":{"line":11,"column":54}},"4":{"start":{"line":13,"column":0},"end":{"line":15,"column":3}},"5":{"start":{"line":14,"column":4},"end":{"line":14,"column":25}},"6":{"start":{"line":17,"column":0},"end":{"line":24,"column":3}},"7":{"start":{"line":18,"column":4},"end":{"line":20,"column":5}},"8":{"start":{"line":19,"column":8},"end":{"line":19,"column":66}},"9":{"start":{"line":22,"column":17},"end":{"line":22,"column":34}},"10":{"start":{"line":23,"column":4},"end":{"line":23,"column":31}},"11":{"start":{"line":26,"column":0},"end":{"line":29,"column":3}},"12":{"start":{"line":27,"column":4},"end":{"line":27,"column":40}},"13":{"start":{"line":28,"column":4},"end":{"line":28,"column":49}},"14":{"start":{"line":31,"column":0},"end":{"line":31,"column":24}}},"fnMap":{"0":{"name":"(anonymous_0)","decl":{"start":{"line":13,"column":25},"end":{"line":13,"column":26}},"loc":{"start":{"line":13,"column":39},"end":{"line":15,"column":1}},"line":13},"1":{"name":"(anonymous_1)","decl":{"start":{"line":17,"column":26},"end":{"line":17,"column":27}},"loc":{"start":{"line":17,"column":40},"end":{"line":24,"column":1}},"line":17},"2":{"name":"(anonymous_2)","decl":{"start":{"line":26,"column":32},"end":{"line":26,"column":33}},"loc":{"start":{"line":26,"column":46},"end":{"line":29,"column":1}},"line":26}},"branchMap":{"0":{"loc":{"start":{"line":18,"column":4},"end":{"line":20,"column":5}},"type":"if","locations":[{"start":{"line":18,"column":4},"end":{"line":20,"column":5}},{"start":{},"end":{}}],"line":18}},"s":{"0":1,"1":1,"2":1,"3":1,"4":1,"5":0,"6":1,"7":3,"8":2,"9":1,"10":1,"11":1,"12":1,"13":1,"14":1},"f":{"0":0,"1":3,"2":1},"b":{"0":[2,1]},"_coverageSchema":"1a1c01bbd47fc00a2c39e90264f33305004495a9","hash":"1f0ee3893636968a3921123fd627c9920694f9c2"}
,"C:\\Users\\Lenovo\\Documents\\PENGUJIAN PERANGKAT LUNAK\\src\\services\\inventoryService.js": {"path":"C:\\Users\\Lenovo\\Documents\\PENGUJIAN PERANGKAT LUNAK\\src\\services\\inventoryService.js","statementMap":{"0":{"start":{"line":1,"column":11},"end":{"line":1,"column":24}},"1":{"start":{"line":2,"column":13},"end":{"line":2,"column":28}},"2":{"start":{"line":4,"column":17},"end":{"line":4,"column":63}},"3":{"start":{"line":7,"column":17},"end":{"line":7,"column":42}},"4":{"start":{"line":8,"column":4},"end":{"line":8,"column":28}},"5":{"start":{"line":12,"column":4},"end":{"line":12,"column":63}},"6":{"start":{"line":16,"column":18},"end":{"line":16,"column":28}},"7":{"start":{"line":18,"column":20},"end":{"line":22,"column":5}},"8":{"start":{"line":24,"column":4},"end":{"line":24,"column":24}},"9":{"start":{"line":25,"column":4},"end":{"line":25,"column":21}},"10":{"start":{"line":27,"column":4},"end":{"line":27,"column":19}},"11":{"start":{"line":31,"column":18},"end":{"line":31,"column":28}},"12":{"start":{"line":33,"column":17},"end":{"line":33,"column":44}},"13":{"start":{"line":33,"column":33},"end":{"line":33,"column":43}},"14":{"start":{"line":35,"column":4},"end":{"line":37,"column":5}},"15":{"start":{"line":36,"column":8},"end":{"line":36,"column":50}},"16":{"start":{"line":39,"column":4},"end":{"line":41,"column":5}},"17":{"start":{"line":40,"column":8},"end":{"line":40,"column":45}},"18":{"start":{"line":43,"column":4},"end":{"line":43,"column":25}},"19":{"start":{"line":45,"column":4},"end":{"line":45,"column":21}},"20":{"start":{"line":47,"column":4},"end":{"line":47,"column":16}},"21":{"start":{"line":51,"column":16},"end":{"line":51,"column":26}},"22":{"start":{"line":53,"column":21},"end":{"line":53,"column":50}},"23":{"start":{"line":53,"column":39},"end":{"line":53,"column":49}},"24":{"start":{"line":55,"column":4},"end":{"line":55,"column":24}},"25":{"start":{"line":57,"column":4},"end":{"line":57,"column":16}},"26":{"start":{"line":60,"column":0},"end":{"line":65,"column":2}}},"fnMap":{"0":{"name":"getItems","decl":{"start":{"line":6,"column":9},"end":{"line":6,"column":17}},"loc":{"start":{"line":6,"column":20},"end":{"line":9,"column":1}},"line":6},"1":{"name":"saveItems","decl":{"start":{"line":11,"column":9},"end":{"line":11,"column":18}},"loc":{"start":{"line":11,"column":26},"end":{"line":13,"column":1}},"line":11},"2":{"name":"addItem","decl":{"start":{"line":15,"column":9},"end":{"line":15,"column":16}},"loc":{"start":{"line":15,"column":23},"end":{"line":28,"column":1}},"line":15},"3":{"name":"reduceStock","decl":{"start":{"line":30,"column":9},"end":{"line":30,"column":20}},"loc":{"start":{"line":30,"column":33},"end":{"line":48,"column":1}},"line":30},"4":{"name":"(anonymous_4)","decl":{"start":{"line":33,"column":28},"end":{"line":33,"column":29}},"loc":{"start":{"line":33,"column":33},"end":{"line":33,"column":43}},"line":33},"5":{"name":"deleteItem","decl":{"start":{"line":50,"column":9},"end":{"line":50,"column":19}},"loc":{"start":{"line":50,"column":24},"end":{"line":58,"column":1}},"line":50},"6":{"name":"(anonymous_6)","decl":{"start":{"line":53,"column":34},"end":{"line":53,"column":35}},"loc":{"start":{"line":53,"column":39},"end":{"line":53,"column":49}},"line":53}},"branchMap":{"0":{"loc":{"start":{"line":35,"column":4},"end":{"line":37,"column":5}},"type":"if","locations":[{"start":{"line":35,"column":4},"end":{"line":37,"column":5}},{"start":{},"end":{}}],"line":35},"1":{"loc":{"start":{"line":39,"column":4},"end":{"line":41,"column":5}},"type":"if","locations":[{"start":{"line":39,"column":4},"end":{"line":41,"column":5}},{"start":{},"end":{}}],"line":39}},"s":{"0":2,"1":2,"2":2,"3":12,"4":12,"5":9,"6":6,"7":6,"8":6,"9":6,"10":6,"11":2,"12":2,"13":2,"14":2,"15":0,"16":2,"17":1,"18":1,"19":1,"20":1,"21":2,"22":2,"23":2,"24":2,"25":2,"26":2},"f":{"0":12,"1":9,"2":6,"3":2,"4":2,"5":2,"6":2},"b":{"0":[0,2],"1":[1,1]},"_coverageSchema":"1a1c01bbd47fc00a2c39e90264f33305004495a9","hash":"1b677baf194037b321d12dd59527d39d0225f1d2"}
,"C:\\Users\\Lenovo\\Documents\\PENGUJIAN PERANGKAT LUNAK\\src\\utils\\validator.js": {"path":"C:\\Users\\Lenovo\\Documents\\PENGUJIAN PERANGKAT LUNAK\\src\\utils\\validator.js","statementMap":{"0":{"start":{"line":2,"column":4},"end":{"line":4,"column":5}},"1":{"start":{"line":3,"column":8},"end":{"line":3,"column":21}},"2":{"start":{"line":6,"column":4},"end":{"line":8,"column":5}},"3":{"start":{"line":7,"column":8},"end":{"line":7,"column":21}},"4":{"start":{"line":10,"column":4},"end":{"line":10,"column":16}},"5":{"start":{"line":13,"column":0},"end":{"line":13,"column":34}}},"fnMap":{"0":{"name":"validateItem","decl":{"start":{"line":1,"column":9},"end":{"line":1,"column":21}},"loc":{"start":{"line":1,"column":39},"end":{"line":11,"column":1}},"line":1}},"branchMap":{"0":{"loc":{"start":{"line":2,"column":4},"end":{"line":4,"column":5}},"type":"if","locations":[{"start":{"line":2,"column":4},"end":{"line":4,"column":5}},{"start":{},"end":{}}],"line":2},"1":{"loc":{"start":{"line":2,"column":8},"end":{"line":2,"column":35}},"type":"binary-expr","locations":[{"start":{"line":2,"column":8},"end":{"line":2,"column":13}},{"start":{"line":2,"column":17},"end":{"line":2,"column":35}}],"line":2},"2":{"loc":{"start":{"line":6,"column":4},"end":{"line":8,"column":5}},"type":"if","locations":[{"start":{"line":6,"column":4},"end":{"line":8,"column":5}},{"start":{},"end":{}}],"line":6},"3":{"loc":{"start":{"line":6,"column":8},"end":{"line":6,"column":46}},"type":"binary-expr","locations":[{"start":{"line":6,"column":8},"end":{"line":6,"column":33}},{"start":{"line":6,"column":37},"end":{"line":6,"column":46}}],"line":6}},"s":{"0":7,"1":2,"2":5,"3":3,"4":2,"5":2},"f":{"0":7},"b":{"0":[2,5],"1":[7,5],"2":[3,2],"3":[5,4]},"_coverageSchema":"1a1c01bbd47fc00a2c39e90264f33305004495a9","hash":"077fd7034adb5dd4e3af8f2674ee775efde52132"}
}
