TN:
SF:src\app.js
FN:10,(anonymous_0)
FNF:1
FNH:0
FNDA:0,(anonymous_0)
DA:1,1
DA:2,1
DA:4,1
DA:6,1
DA:7,1
DA:9,1
DA:10,1
DA:11,0
LF:8
LH:7
BRF:0
BRH:0
end_of_record
TN:
SF:src\routes\inventoryRoutes.js
FN:13,(anonymous_0)
FN:17,(anonymous_1)
FN:26,(anonymous_2)
FNF:3
FNH:2
FNDA:0,(anonymous_0)
FNDA:3,(anonymous_1)
FNDA:1,(anonymous_2)
DA:1,1
DA:2,1
DA:9,1
DA:11,1
DA:13,1
DA:14,0
DA:17,1
DA:18,3
DA:19,2
DA:22,1
DA:23,1
DA:26,1
DA:27,1
DA:28,1
DA:31,1
LF:15
LH:14
BRDA:18,0,0,2
BRDA:18,0,1,1
BRF:2
BRH:2
end_of_record
TN:
SF:src\services\inventoryService.js
FN:6,getItems
FN:11,saveItems
FN:15,addItem
FN:30,reduceStock
FN:33,(anonymous_4)
FN:50,deleteItem
FN:53,(anonymous_6)
FNF:7
FNH:7
FNDA:12,getItems
FNDA:9,saveItems
FNDA:6,addItem
FNDA:2,reduceStock
FNDA:2,(anonymous_4)
FNDA:2,deleteItem
FNDA:2,(anonymous_6)
DA:1,2
DA:2,2
DA:4,2
DA:7,12
DA:8,12
DA:12,9
DA:16,6
DA:18,6
DA:24,6
DA:25,6
DA:27,6
DA:31,2
DA:33,2
DA:35,2
DA:36,0
DA:39,2
DA:40,1
DA:43,1
DA:45,1
DA:47,1
DA:51,2
DA:53,2
DA:55,2
DA:57,2
DA:60,2
LF:25
LH:24
BRDA:35,0,0,0
BRDA:35,0,1,2
BRDA:39,1,0,1
BRDA:39,1,1,1
BRF:4
BRH:3
end_of_record
TN:
SF:src\utils\validator.js
FN:1,validateItem
FNF:1
FNH:1
FNDA:7,validateItem
DA:2,7
DA:3,2
DA:6,5
DA:7,3
DA:10,2
DA:13,2
LF:6
LH:6
BRDA:2,0,0,2
BRDA:2,0,1,5
BRDA:2,1,0,7
BRDA:2,1,1,5
BRDA:6,2,0,3
BRDA:6,2,1,2
BRDA:6,3,0,5
BRDA:6,3,1,4
BRF:8
BRH:8
end_of_record
